<?xml version="1.0" encoding="UTF-8"?>
<!-- Generated by org.testng.reporters.JUnitReportReporter -->
<testsuite hostname="LAPTOP-JO7JC7LJ" failures="0" tests="1" name="runner.RunCuke" time="8.572" errors="0" timestamp="2023-08-29T17:53:04 IST" skipped="0">
  <testcase classname="runner.RunCuke" name="runScenario" time="8.572"/>
</testsuite> <!-- runner.RunCuke -->
